  Server.cpp
C:\Users\chaechae\Documents\GitHub\GSP_Kirby\Server\Server\Server.cpp(1583,26): warning C4244: '=': 'SQLINTEGER'에서 'short'(으)로 변환하면서 데이터가 손실될 수 있습니다.
C:\Users\chaechae\Documents\GitHub\GSP_Kirby\Server\Server\Server.cpp(1585,22): warning C4244: '=': 'SQLINTEGER'에서 'short'(으)로 변환하면서 데이터가 손실될 수 있습니다.
C:\Users\chaechae\Documents\GitHub\GSP_Kirby\Server\Server\Server.cpp(1586,22): warning C4244: '=': 'SQLINTEGER'에서 'short'(으)로 변환하면서 데이터가 손실될 수 있습니다.
C:\Users\chaechae\Documents\GitHub\GSP_Kirby\Server\Server\Server.cpp(1588,34): warning C4244: '=': 'SQLINTEGER'에서 'short'(으)로 변환하면서 데이터가 손실될 수 있습니다.
C:\Users\chaechae\Documents\GitHub\GSP_Kirby\Server\Server\Server.cpp(1589,34): warning C4244: '=': 'SQLINTEGER'에서 'short'(으)로 변환하면서 데이터가 손실될 수 있습니다.
C:\Program Files (x86)\Microsoft Visual Studio\2019\Community\VC\Tools\MSVC\14.29.30133\include\xutility(4198,18): warning C4244: '=': 'wchar_t'에서 'char'(으)로 변환하면서 데이터가 손실될 수 있습니다.
C:\Program Files (x86)\Microsoft Visual Studio\2019\Community\VC\Tools\MSVC\14.29.30133\include\xutility(4210): message : 컴파일되는 함수 템플릿 인스턴스화 '_OutIt std::_Copy_unchecked<wchar_t*,_OutIt>(_InIt,_InIt,_OutIt)'에 대한 참조를 확인하세요.
          with
          [
              _OutIt=char *,
              _InIt=wchar_t *
          ]
C:\Users\chaechae\Documents\GitHub\GSP_Kirby\Server\Server\Server.cpp(1582): message : 컴파일되는 함수 템플릿 인스턴스화 '_OutIt *std::copy<std::_String_iterator<std::_String_val<std::_Simple_types<_Elem>>>,char*>(_InIt,_InIt,_OutIt)'에 대한 참조를 확인하세요.
          with
          [
              _OutIt=char *,
              _Elem=wchar_t,
              _InIt=std::_String_iterator<std::_String_val<std::_Simple_types<wchar_t>>>
          ]
LINK : warning LNK4098: 'LIBCMT' defaultlib가 다른 라이브러리와 충돌합니다. /NODEFAULTLIB:library를 사용하십시오.
  코드를 생성하고 있습니다.
  11 of 742 functions ( 1.5%) were compiled, the rest were copied from previous compilation.
    1 functions were new in current compilation
    3 functions had inline decision re-evaluated but remain unchanged
  코드를 생성했습니다.
  Server.vcxproj -> C:\Users\chaechae\Documents\GitHub\GSP_Kirby\Server\x64\Release\Server.exe
